0 info it worked if it ends with ok
1 verbose cli [ '/home/oredds/.nvm/versions/node/v5.10.1/bin/node',
1 verbose cli   '/home/oredds/.nvm/versions/node/v5.10.1/bin/npm',
1 verbose cli   'run',
1 verbose cli   'load' ]
2 info using npm@3.9.5
3 info using node@v5.10.1
4 verbose run-script [ 'preload', 'load', 'postload' ]
5 info lifecycle Ghostly-boots@0.9.0~preload: Ghostly-boots@0.9.0
6 silly lifecycle Ghostly-boots@0.9.0~preload: no script for preload, continuing
7 info lifecycle Ghostly-boots@0.9.0~load: Ghostly-boots@0.9.0
8 verbose lifecycle Ghostly-boots@0.9.0~load: unsafe-perm in lifecycle true
9 verbose lifecycle Ghostly-boots@0.9.0~load: PATH: /home/oredds/.nvm/versions/node/v5.10.1/lib/node_modules/npm/bin/node-gyp-bin:/home/oredds/Workspace/ghost/my-blog-themes/ghostly-boots/node_modules/.bin:/home/oredds/.nvm/versions/node/v5.10.1/bin:/usr/local/heroku/bin:/home/oredds/.nvm/versions/node/v5.10.1/bin:/usr/local/sbin:/usr/local/bin:/usr/sbin:/usr/bin:/sbin:/bin:/usr/games:/usr/local/games
10 verbose lifecycle Ghostly-boots@0.9.0~load: CWD: /home/oredds/Workspace/ghost/my-blog-themes/ghostly-boots
11 silly lifecycle Ghostly-boots@0.9.0~load: Args: [ '-c',
11 silly lifecycle   'cleancss -o ~/Workspace/ghost/ghost/content/themes/ghostly-boots/assets/css/main.min.css ~/Workspace/ghost/ghost/content/themes/ghostly-boots/assets/css/main.css && rm -rf ~/Workspace/ghost/ghost/content/themes/ghostly-boots && cp -r ~/Workspace/ghost/my-blog-themes/ghostly-boots ~/Workspace/ghost/ghost/content/themes/' ]
12 info lifecycle Ghostly-boots@0.9.0~load: Failed to exec load script
13 verbose stack Error: Ghostly-boots@0.9.0 load: `cleancss -o ~/Workspace/ghost/ghost/content/themes/ghostly-boots/assets/css/main.min.css ~/Workspace/ghost/ghost/content/themes/ghostly-boots/assets/css/main.css && rm -rf ~/Workspace/ghost/ghost/content/themes/ghostly-boots && cp -r ~/Workspace/ghost/my-blog-themes/ghostly-boots ~/Workspace/ghost/ghost/content/themes/`
13 verbose stack spawn ENOENT
13 verbose stack     at ChildProcess.<anonymous> (/home/oredds/.nvm/versions/node/v5.10.1/lib/node_modules/npm/lib/utils/spawn.js:17:16)
13 verbose stack     at emitTwo (events.js:100:13)
13 verbose stack     at ChildProcess.emit (events.js:185:7)
13 verbose stack     at maybeClose (internal/child_process.js:850:16)
13 verbose stack     at Process.ChildProcess._handle.onexit (internal/child_process.js:215:5)
14 verbose pkgid Ghostly-boots@0.9.0
15 verbose cwd /home/oredds/Workspace/ghost/my-blog-themes/ghostly-boots
16 error Linux 4.2.0-35-generic
17 error argv "/home/oredds/.nvm/versions/node/v5.10.1/bin/node" "/home/oredds/.nvm/versions/node/v5.10.1/bin/npm" "run" "load"
18 error node v5.10.1
19 error npm  v3.9.5
20 error file sh
21 error code ELIFECYCLE
22 error errno ENOENT
23 error syscall spawn
24 error Ghostly-boots@0.9.0 load: `cleancss -o ~/Workspace/ghost/ghost/content/themes/ghostly-boots/assets/css/main.min.css ~/Workspace/ghost/ghost/content/themes/ghostly-boots/assets/css/main.css && rm -rf ~/Workspace/ghost/ghost/content/themes/ghostly-boots && cp -r ~/Workspace/ghost/my-blog-themes/ghostly-boots ~/Workspace/ghost/ghost/content/themes/`
24 error spawn ENOENT
25 error Failed at the Ghostly-boots@0.9.0 load script 'cleancss -o ~/Workspace/ghost/ghost/content/themes/ghostly-boots/assets/css/main.min.css ~/Workspace/ghost/ghost/content/themes/ghostly-boots/assets/css/main.css && rm -rf ~/Workspace/ghost/ghost/content/themes/ghostly-boots && cp -r ~/Workspace/ghost/my-blog-themes/ghostly-boots ~/Workspace/ghost/ghost/content/themes/'.
25 error Make sure you have the latest version of node.js and npm installed.
25 error If you do, this is most likely a problem with the Ghostly-boots package,
25 error not with npm itself.
25 error Tell the author that this fails on your system:
25 error     cleancss -o ~/Workspace/ghost/ghost/content/themes/ghostly-boots/assets/css/main.min.css ~/Workspace/ghost/ghost/content/themes/ghostly-boots/assets/css/main.css && rm -rf ~/Workspace/ghost/ghost/content/themes/ghostly-boots && cp -r ~/Workspace/ghost/my-blog-themes/ghostly-boots ~/Workspace/ghost/ghost/content/themes/
25 error You can get information on how to open an issue for this project with:
25 error     npm bugs Ghostly-boots
25 error Or if that isn't available, you can get their info via:
25 error     npm owner ls Ghostly-boots
25 error There is likely additional logging output above.
26 verbose exit [ 1, true ]
